<?xml version="1.0" encoding="UTF-8"?>
<!-- Generated by org.testng.reporters.JUnitReportReporter -->
<testsuite hostname="God-Gift" failures="0" tests="35" name="runner.Test_Runner" time="146.857" errors="0" timestamp="2025-06-01T21:28:32 MDT" skipped="0">
  <testcase classname="runner.Test_Runner" name="runScenario" time="3.499"/>
  <testcase classname="runner.Test_Runner" name="runScenario" time="4.941"/>
  <testcase classname="runner.Test_Runner" name="runScenario" time="5.745"/>
  <testcase classname="runner.Test_Runner" name="runScenario" time="4.943"/>
  <testcase classname="runner.Test_Runner" name="runScenario" time="3.283"/>
  <testcase classname="runner.Test_Runner" name="runScenario" time="5.663"/>
  <testcase classname="runner.Test_Runner" name="runScenario" time="3.474"/>
  <testcase classname="runner.Test_Runner" name="runScenario" time="3.163"/>
  <testcase classname="runner.Test_Runner" name="runScenario" time="4.868"/>
  <testcase classname="runner.Test_Runner" name="runScenario" time="4.901"/>
  <testcase classname="runner.Test_Runner" name="runScenario" time="3.837"/>
  <testcase classname="runner.Test_Runner" name="runScenario" time="5.010"/>
  <testcase classname="runner.Test_Runner" name="runScenario" time="3.304"/>
  <testcase classname="runner.Test_Runner" name="runScenario" time="3.158"/>
  <testcase classname="runner.Test_Runner" name="runScenario" time="4.887"/>
  <testcase classname="runner.Test_Runner" name="runScenario" time="3.283"/>
  <testcase classname="runner.Test_Runner" name="runScenario" time="4.700"/>
  <testcase classname="runner.Test_Runner" name="runScenario" time="4.279"/>
  <testcase classname="runner.Test_Runner" name="runScenario" time="4.069"/>
  <testcase classname="runner.Test_Runner" name="runScenario" time="3.457"/>
  <testcase classname="runner.Test_Runner" name="runScenario" time="3.683"/>
  <testcase classname="runner.Test_Runner" name="runScenario" time="3.996"/>
  <testcase classname="runner.Test_Runner" name="runScenario" time="3.167"/>
  <testcase classname="runner.Test_Runner" name="runScenario" time="3.021"/>
  <testcase classname="runner.Test_Runner" name="runScenario" time="3.895"/>
  <testcase classname="runner.Test_Runner" name="runScenario" time="3.868"/>
  <testcase classname="runner.Test_Runner" name="runScenario" time="5.792"/>
  <testcase classname="runner.Test_Runner" name="runScenario" time="4.034"/>
  <testcase classname="runner.Test_Runner" name="runScenario" time="4.382"/>
  <testcase classname="runner.Test_Runner" name="runScenario" time="3.928"/>
  <testcase classname="runner.Test_Runner" name="runScenario" time="3.361"/>
  <testcase classname="runner.Test_Runner" name="runScenario" time="6.472"/>
  <testcase classname="runner.Test_Runner" name="runScenario" time="3.712"/>
  <testcase classname="runner.Test_Runner" name="runScenario" time="5.275"/>
  <testcase classname="runner.Test_Runner" name="runScenario" time="3.807"/>
</testsuite> <!-- runner.Test_Runner -->
